<?xml version="1.0" encoding="UTF-8"?>
<!-- Generated by org.testng.reporters.JUnitXMLReporter -->
<testsuite hostname="SardArKhan" ignored="0" name="Test" tests="8" failures="2" timestamp="2021-10-29T11:34:42 IST" time="0.036" errors="0">
  <testcase name="TestCase01" time="0.0" classname="sample.DemoTest01"/>
  <testcase name="TestCase02" time="0.0" classname="sample.DemoTest01"/>
  <testcase name="TestCase03" time="0.005" classname="sample.DemoTest01">
    <failure type="java.lang.AssertionError" message="expected [true] but found [false]">
      <![CDATA[java.lang.AssertionError: expected [true] but found [false]
at sample.DemoTest01.TestCase03(DemoTest01.java:25)
at java.util.ArrayList.forEach(ArrayList.java:1259)
... Removed 35 stack frames]]>
    </failure>
  </testcase> <!-- TestCase03 -->
  <testcase name="TestCase04" time="0.0" classname="sample.DemoTest01"/>
  <testcase name="TestCase08" time="0.001" classname="sample.DemoTest02">
    <failure type="java.lang.AssertionError" message="expected [true] but found [false]">
      <![CDATA[java.lang.AssertionError: expected [true] but found [false]
at sample.DemoTest02.TestCase08(DemoTest02.java:28)
at java.util.ArrayList.forEach(ArrayList.java:1259)
... Removed 35 stack frames]]>
    </failure>
  </testcase> <!-- TestCase08 -->
  <testcase name="TestCase06" time="0.0" classname="sample.DemoTest02"/>
  <testcase name="TestCase07" time="0.0" classname="sample.DemoTest02"/>
  <testcase name="TestCase09" time="0.0" classname="sample.DemoTest02">
    <skipped/>
  </testcase> <!-- TestCase09 -->
</testsuite> <!-- Test -->
